make all --print-data-base --no-builtin-variables --no-builtin-rules --question
make: *** No rule to make target 'all'.  Stop.

# GNU Make 4.2.1
# Built for x86_64-pc-linux-gnu
# Copyright (C) 1988-2016 Free Software Foundation, Inc.
# License GPLv3+: GNU GPL version 3 or later <http://gnu.org/licenses/gpl.html>
# This is free software: you are free to change and redistribute it.
# There is NO WARRANTY, to the extent permitted by law.

# Make data base, printed on Wed May 11 19:31:49 2022

# Variables

# 'override' directive
GNUMAKEFLAGS := 
# automatic
<D = $(patsubst %/,%,$(dir $<))
# automatic
?F = $(notdir $?)
# environment
PAPERSIZE = a4
# environment
DESKTOP_SESSION = ubuntu
# default
.SHELLFLAGS := -c
# environment
XDG_SESSION_CLASS = user
# environment
SNAP_COMMON = /var/snap/code/common
# environment
XDG_SESSION_TYPE = x11
# environment
VSCODE_LOG_NATIVE = false
# automatic
?D = $(patsubst %/,%,$(dir $?))
# environment
IM_CONFIG_PHASE = 1
# makefile (from 'Makefile', line 6)
LINK_CUNIT = -L$(HOME)/local/lib
# automatic
@D = $(patsubst %/,%,$(dir $@))
# environment
XAUTHORITY = /run/user/1000/gdm/Xauthority
# environment
GDMSESSION = ubuntu
# environment
XMODIFIERS = @im=ibus
# makefile
CURDIR := /home/thomas/Documents/UCL/BAC2/Q2/LEPL1503-Projet_3/Projet/lepl-1503-2022-skeleton-group-v-2
# makefile
SHELL = /bin/sh
# environment
SNAP_DATA = /var/snap/code/96
# environment
VSCODE_NLS_CONFIG = {"locale":"en-us","availableLanguages":{},"_languagePackSupport":true}
# environment
JOURNAL_STREAM = 8:51351
# makefile (from 'Makefile', line 2)
CFLAGS = -Wall -Werror -g -std=gnu99 -O3
# environment
XDG_CONFIG_DIRS = /etc/xdg/xdg-ubuntu:/etc/xdg
# environment
SNAP_INSTANCE_NAME = code
# environment
SNAP_ARCH = amd64
# makefile (from 'Makefile', line 1)
MAKEFILE_LIST :=  Makefile
# automatic
@F = $(notdir $@)
# environment
GIO_LAUNCHED_DESKTOP_FILE = /var/lib/snapd/desktop/applications/code_code.desktop
# environment
USERNAME = thomas
# environment
MAKELEVEL := 0
# environment
XDG_DATA_DIRS = /usr/share/ubuntu:/usr/local/share/:/usr/share/:/var/lib/snapd/desktop
# environment
DBUS_SESSION_BUS_ADDRESS = unix:path=/run/user/1000/bus
# environment
VSCODE_VERBOSE_LOGGING = true
# environment
_ = /snap/code/96/usr/share/code/code
# environment
MANAGERPID = 1594
# environment
LESSOPEN = | /usr/bin/lesspipe %s
# environment
LC_NAME = en_AU.UTF-8
# environment
VSCODE_CWD = /home/thomas
# environment
GSETTINGS_SCHEMA_DIR = /snap/code/96/usr/share/glib-2.0/schemas
# default
MAKE_HOST := x86_64-pc-linux-gnu
# environment
PATH = /home/thomas/.local/bin:/home/thomas/.local/bin:/usr/local/sbin:/usr/local/bin:/usr/sbin:/usr/bin:/sbin:/bin:/usr/games:/usr/local/games:/snap/bin
# environment
GPG_AGENT_INFO = /run/user/1000/gnupg/S.gpg-agent:0:1
# environment
SESSION_MANAGER = local/thomas-ZenBook-UX450FDX-UX480FD:@/tmp/.ICE-unix/1896,unix/thomas-ZenBook-UX450FDX-UX480FD:/tmp/.ICE-unix/1896
# environment
XDG_RUNTIME_DIR = /run/user/1000
# environment
GDK_PIXBUF_MODULE_FILE = /home/thomas/snap/code/common/.cache/gdk-pixbuf-loaders.cache
# environment
SNAP = /snap/code/96
# environment
SNAP_VERSION = da15b6fd
# environment
XDG_MENU_PREFIX = gnome-
# environment
VSCODE_LOG_STACK = false
# environment
DISABLE_WAYLAND = 1
# environment
ELECTRON_RUN_AS_NODE = 1
# environment
INVOCATION_ID = 7b701ec7205c420cb5a6ae416a97a086
# environment
GDK_PIXBUF_MODULEDIR = /snap/code/96/usr/lib/x86_64-linux-gnu/gdk-pixbuf-2.0/2.10.0/loaders
# default
.FEATURES := target-specific order-only second-expansion else-if shortest-stem undefine oneshell archives jobserver output-sync check-symlink load
# environment
LS_COLORS = 
# environment
XDG_SESSION_DESKTOP = ubuntu
# environment
SSH_AUTH_SOCK = /run/user/1000/keyring/ssh
# environment
GIO_LAUNCHED_DESKTOP_FILE_PID = 10620
# automatic
%F = $(notdir $%)
# environment
DISPLAY = :1
# environment
VSCODE_PIPE_LOGGING = true
# environment
SNAP_INSTANCE_KEY = 
# environment
PWD = /home/thomas/Documents/UCL/BAC2/Q2/LEPL1503-Projet_3/Projet/lepl-1503-2022-skeleton-group-v-2
# default
.LOADED := 
# environment
SSH_AGENT_PID = 1846
# environment
ORIGINAL_XDG_CURRENT_DESKTOP = ubuntu:GNOME
# environment
GTK_MODULES = gail:atk-bridge
# environment
VSCODE_AMD_ENTRYPOINT = vs/workbench/api/node/extensionHostProcess
# environment
HOME = /home/thomas
# environment
LESSCLOSE = /usr/bin/lesspipe %s %s
# environment
VSCODE_CLI = 1
# makefile (from 'Makefile', line 5)
INCLUDE_CUNIT = -I$(HOME)/local/include
# environment
VSCODE_CODE_CACHE_PATH = /home/thomas/.config/Code/CachedData/da15b6fd3ef856477bf6f4fb29ba1b7af717770d
# environment
LOGNAME = thomas
# environment
APPLICATION_INSIGHTS_NO_DIAGNOSTIC_CHANNEL = true
# environment
SNAP_LIBRARY_PATH = /var/lib/snapd/lib/gl:/var/lib/snapd/lib/gl32:/var/lib/snapd/void
# environment
SNAP_CONTEXT = JkemFm7OE_cWNkbdQOK8lt54qg2vuGkhb7xQs6FFC-f_sY3Ctsbq
# automatic
+F = $(notdir $+)
# environment
ELECTRON_NO_ATTACH_CONSOLE = 1
# environment
SNAP_USER_COMMON = /home/thomas/snap/code/common
# environment
VSCODE_HANDLES_UNCAUGHT_ERRORS = true
# environment
GNOME_DESKTOP_SESSION_ID = this-is-deprecated
# automatic
^D = $(patsubst %/,%,$(dir $^))
# environment
LC_TIME = en_AU.UTF-8
# environment
SNAP_REAL_HOME = /home/thomas
# default
MAKE = $(MAKE_COMMAND)
# default
MAKECMDGOALS := all
# environment
QT_IM_MODULE = ibus
# environment
SNAP_USER_DATA = /home/thomas/snap/code/96
# environment
SHLVL = 0
# makefile (from 'Makefile', line 1)
CC = gcc 
# environment
GNOME_SHELL_SESSION_MODE = ubuntu
# environment
VSCODE_IPC_HOOK_EXTHOST = /run/user/1000/vscode-ipc-e7bb2a9d-4604-4a52-b7e8-e9cef3864539.sock
# default
MAKE_VERSION := 4.2.1
# environment
USER = thomas
# environment
SNAP_REVISION = 96
# environment
LC_MONETARY = en_AU.UTF-8
# makefile
.DEFAULT_GOAL := fec
# environment
XDG_CURRENT_DESKTOP = Unity
# automatic
%D = $(patsubst %/,%,$(dir $%))
# environment
LC_TELEPHONE = en_AU.UTF-8
# default
MAKE_COMMAND := make
# default
.VARIABLES := 
# automatic
*F = $(notdir $*)
# environment
VSCODE_IPC_HOOK = /run/user/1000/vscode-6002357e-1.67.1-main.sock
# environment
BAMF_DESKTOP_FILE_HINT = /var/lib/snapd/desktop/applications/code_code.desktop
# makefile
MAKEFLAGS = pqrR
# environment
MFLAGS = -pqrR
# automatic
*D = $(patsubst %/,%,$(dir $*))
# automatic
+D = $(patsubst %/,%,$(dir $+))
# environment
GDK_BACKEND = x11
# environment
LC_PAPER = en_AU.UTF-8
# environment
LC_IDENTIFICATION = en_AU.UTF-8
# environment
QT_ACCESSIBILITY = 1
# default
MAKEFILES := 
# environment
SNAP_COOKIE = JkemFm7OE_cWNkbdQOK8lt54qg2vuGkhb7xQs6FFC-f_sY3Ctsbq
# environment
LC_NUMERIC = en_AU.UTF-8
# automatic
<F = $(notdir $<)
# environment
LC_MEASUREMENT = en_AU.UTF-8
# environment
SNAP_NAME = code
# environment
LC_ALL = C
# environment
GJS_DEBUG_TOPICS = JS ERROR;JS LOG
# makefile (from 'Makefile', line 3)
LIBS = -lpthread
# automatic
^F = $(notdir $^)
# default
SUFFIXES := 
# environment
SNAP_REEXEC = 
# environment
CHROME_DESKTOP = code-url-handler.desktop
# environment
WINDOWPATH = 2
# default
.INCLUDE_DIRS = /usr/include /usr/local/include /usr/include
# environment
GJS_DEBUG_OUTPUT = stderr
# makefile (from 'Makefile', line 4)
INCLUDE_HEADERS_DIRECTORY = -Iheaders
# default
.RECIPEPREFIX := 
# environment
LC_ADDRESS = en_AU.UTF-8
# environment
LANG = C
# environment
VSCODE_PID = 10666
# variable set hash-table stats:
# Load=136/1024=13%, Rehash=0, Collisions=23/161=14%

# Pattern-specific Variable Values

# No pattern-specific variable values.

# Directories

# . (device 66306, inode 3670841): 17 files, no impossibilities.

 
# 17 files, no impossibilities in 1 directories.

# Implicit Rules

%.o: %.c
#  recipe to execute (from 'Makefile', line 12):
	@$(CC) $(INCLUDE_HEADERS_DIRECTORY) $(INCLUDE_CUNIT) $(CFLAGS) -o $@ -c $<

# 1 implicit rules, 0 (0.0%) terminal.

# Files

fec: main.o src/block.o src/message.o src/system.o src/tinymt32.o src/my_threads.o
#  Implicit rule search has not been done.
#  Modification time never checked.
#  File has not been updated.
#  recipe to execute (from 'Makefile', line 9):
	$(CC) $(INCLUDE_HEADERS_DIRECTORY) $(CFLAGS) -o $@ $^ $(LIBS)

# Not a target:
all:
#  Command line target.
#  Implicit rule search has been done.
#  File does not exist.
#  File has not been updated.

# Not a target:
src/message.o:
#  Implicit rule search has not been done.
#  Modification time never checked.
#  File has not been updated.

.PHONY: clean tests
#  Implicit rule search has not been done.
#  Modification time never checked.
#  File has not been updated.

# Not a target:
tests/testRun.o:
#  Implicit rule search has not been done.
#  Modification time never checked.
#  File has not been updated.

tests: tests/testRun.o tests/test_tinymt32.o src/tinymt32.o tests/test_system.o src/system.o tests/test_block.o src/block.o tests/test_message.o src/message.o
#  Phony target (prerequisite of .PHONY).
#  Implicit rule search has not been done.
#  File does not exist.
#  File has not been updated.
#  recipe to execute (from 'Makefile', line 36):
	@make
	@./fec ./binary_exemple -f here.txt
	@$(CC) $(INCLUDE_HEADERS_DIRECTORY) $(INCLUDE_CUNIT) $(LINK_CUNIT) -o ./testing $^ -lcunit
	@./testing

# Not a target:
Makefile:
#  Implicit rule search has been done.
#  Last modified 2022-05-11 19:12:47.748526551
#  File has been updated.
#  Successfully updated.

# Not a target:
tests/test_block.o:
#  Implicit rule search has not been done.
#  Modification time never checked.
#  File has not been updated.

# Not a target:
tests/test_tinymt32.o:
#  Implicit rule search has not been done.
#  Modification time never checked.
#  File has not been updated.

# Not a target:
src/block.o:
#  Implicit rule search has not been done.
#  Modification time never checked.
#  File has not been updated.

# Not a target:
.DEFAULT:
#  Implicit rule search has not been done.
#  Modification time never checked.
#  File has not been updated.

clean:
#  Phony target (prerequisite of .PHONY).
#  Implicit rule search has not been done.
#  File does not exist.
#  File has not been updated.
#  recipe to execute (from 'Makefile', line 15):
	@rm -f src/*.o
	@rm -f tests/*.o
	@rm -f fec
	@rm -f ./bin/*
	@rm -f ./*.o
	@rm -f ./testing
	@rm -f ./here.txt
	@rm -f ./utils/speed.png
	@rm -f ./utils/memory.png
	@rm -f ./utils/consumption.png

# Not a target:
src/system.o:
#  Implicit rule search has not been done.
#  Modification time never checked.
#  File has not been updated.

# Not a target:
tests/test_system.o:
#  Implicit rule search has not been done.
#  Modification time never checked.
#  File has not been updated.

test_tinymn32: tests/test_tinymt32.o src/tinymt32.o
#  Implicit rule search has not been done.
#  Modification time never checked.
#  File has not been updated.
#  recipe to execute (from 'Makefile', line 27):
	$(CC) $(INCLUDE_HEADERS_DIRECTORY) $(INCLUDE_CUNIT) $(LINK_CUNIT) -o ./bin/$@ $^ -lcunit
	./bin/$@

# Not a target:
main.o:
#  Implicit rule search has not been done.
#  Modification time never checked.
#  File has not been updated.

# Not a target:
tests/test_message.o:
#  Implicit rule search has not been done.
#  Modification time never checked.
#  File has not been updated.

check:
#  Implicit rule search has not been done.
#  Modification time never checked.
#  File has not been updated.
#  recipe to execute (from 'Makefile', line 42):
	@cppcheck ./src/system.c
	@cppcheck ./src/block.c
	@cppcheck ./src/message.c
	@cppcheck ./src/tinymt32.c
	@cppcheck ./main.c
	@make tests
	@make
	@valgrind ./testing
	@valgrind ./fec ./binary_exemple -f here.txt
	@make clean

# Not a target:
src/my_threads.o:
#  Implicit rule search has not been done.
#  Modification time never checked.
#  File has not been updated.

test_system: src/tinymt32.o tests/test_system.o src/system.o
#  Implicit rule search has not been done.
#  Modification time never checked.
#  File has not been updated.
#  recipe to execute (from 'Makefile', line 31):
	$(CC) $(INCLUDE_HEADERS_DIRECTORY) $(INCLUDE_CUNIT) $(LINK_CUNIT) -o ./bin/$@ $^ -lcunit
	./bin/$@

# Not a target:
src/tinymt32.o:
#  Implicit rule search has not been done.
#  Modification time never checked.
#  File has not been updated.

# files hash-table stats:
# Load=22/1024=2%, Rehash=0, Collisions=0/54=0%
# VPATH Search Paths

# No 'vpath' search paths.

# No general ('VPATH' variable) search path.

# strcache buffers: 1 (0) / strings = 39 / storage = 400 B / avg = 10 B
# current buf: size = 8162 B / used = 400 B / count = 39 / avg = 10 B

# strcache performance: lookups = 64 / hit rate = 39%
# hash-table stats:
# Load=39/8192=0%, Rehash=0, Collisions=3/64=5%
# Finished Make data base on Wed May 11 19:31:49 2022

 
